<?xml version="1.0" encoding="UTF-8"?><testsuite errors="1" failures="3" name="BlazeDemo Application Test" skipped="0" tests="4" time="58.76" timestamp="2021-06-04 06:00:21"><testcase name="Validate the Home page of BlazeDemo Application"><error message="Cannot locate option with value: PortLand&#10;For documentation on this error, please visit: https://www.seleniumhq.org/exceptions/no_such_element.html&#10;Build info: version: '3.141.59', revision: 'e82be7d358', time: '2018-11-14T08:17:03'&#10;System info: host: 'DESKTOP-MMR2VL8', ip: '192.168.29.251', os.name: 'Windows 10', os.arch: 'amd64', os.version: '10.0', java.version: '15.0.2'&#10;Driver info: driver.version: unknown&#10;For documentation on this error, please visit: https://www.seleniumhq.org/exceptions/no_such_element.html&#10;Build info: version: '3.141.59', revision: 'e82be7d358', time: '2018-11-14T08:17:03'&#10;System info: host: 'DESKTOP-MMR2VL8', ip: '192.168.29.251', os.name: 'Windows 10', os.arch: 'amd64', os.version: '10.0', java.version: '15.0.2'&#10;Driver info: driver.version: unknown" type="org.openqa.selenium.NoSuchElementException">Cannot locate option with value: PortLand
For documentation on this error, please visit: https://www.seleniumhq.org/exceptions/no_such_element.html
Build info: version: '3.141.59', revision: 'e82be7d358', time: '2018-11-14T08:17:03'
System info: host: 'DESKTOP-MMR2VL8', ip: '192.168.29.251', os.name: 'Windows 10', os.arch: 'amd64', os.version: '10.0', java.version: '15.0.2'
Driver info: driver.version: unknown
For documentation on this error, please visit: https://www.seleniumhq.org/exceptions/no_such_element.html
Build info: version: '3.141.59', revision: 'e82be7d358', time: '2018-11-14T08:17:03'
System info: host: 'DESKTOP-MMR2VL8', ip: '192.168.29.251', os.name: 'Windows 10', os.arch: 'amd64', os.version: '10.0', java.version: '15.0.2'
Driver info: driver.version: unknown</error><system-err>Cannot locate option with value: PortLand
For documentation on this error, please visit: https://www.seleniumhq.org/exceptions/no_such_element.html
Build info: version: '3.141.59', revision: 'e82be7d358', time: '2018-11-14T08:17:03'
System info: host: 'DESKTOP-MMR2VL8', ip: '192.168.29.251', os.name: 'Windows 10', os.arch: 'amd64', os.version: '10.0', java.version: '15.0.2'
Driver info: driver.version: unknown
For documentation on this error, please visit: https://www.seleniumhq.org/exceptions/no_such_element.html
Build info: version: '3.141.59', revision: 'e82be7d358', time: '2018-11-14T08:17:03'
System info: host: 'DESKTOP-MMR2VL8', ip: '192.168.29.251', os.name: 'Windows 10', os.arch: 'amd64', os.version: '10.0', java.version: '15.0.2'
Driver info: driver.version: unknown&#13;
page.objects.POsHomePage.validate_Dropdown(POsHomePage.java:85)&#13;
step.library.SLsHomePage.validate_Dropdown(SLsHomePage.java:59)&#13;
step.definitions.SDsHomePage.validate_the_departure_and_destination_city_dropdowns_are_clickable(SDsHomePage.java:57)&#13;
✽.validate the departure and Destination city dropdowns are clickable(src/test/resources/FeatureFiles/Blaze_application.feature:9)&#13;
</system-err></testcase><testcase name="Validate the ReservePage Details"><failure message="expected:&lt;[Paris]&gt; but was:&lt;[            Paris&#10;            Philadelphia&#10;            Boston&#10;            Portland&#10;            San Diego&#10;            Mexico City&#10;            São Paolo&#10;        ]&gt;" type="java.lang.AssertionError">expected:&lt;[Paris]&gt; but was:&lt;[            Paris
            Philadelphia
            Boston
            Portland
            San Diego
            Mexico City
            São Paolo
        ]&gt;</failure><system-err>expected:&lt;[Paris]&gt; but was:&lt;[            Paris
            Philadelphia
            Boston
            Portland
            San Diego
            Mexico City
            São Paolo
        ]&gt;&#13;
page.objects.POsHomePage.departure_city(POsHomePage.java:159)&#13;
step.library.SLsHomePage.departure_city(SLsHomePage.java:76)&#13;
step.definitions.SDsHomePage.select_the_departure_city_as(SDsHomePage.java:87)&#13;
✽.Select the Departure city as Paris(src/test/resources/FeatureFiles/Blaze_application.feature:16)&#13;
</system-err></testcase><testcase name="Validate the Purchase Page Details"><failure message="expected:&lt;[Paris]&gt; but was:&lt;[            Paris&#10;            Philadelphia&#10;            Boston&#10;            Portland&#10;            San Diego&#10;            Mexico City&#10;            São Paolo&#10;        ]&gt;" type="java.lang.AssertionError">expected:&lt;[Paris]&gt; but was:&lt;[            Paris
            Philadelphia
            Boston
            Portland
            San Diego
            Mexico City
            São Paolo
        ]&gt;</failure><system-err>expected:&lt;[Paris]&gt; but was:&lt;[            Paris
            Philadelphia
            Boston
            Portland
            San Diego
            Mexico City
            São Paolo
        ]&gt;&#13;
page.objects.POsHomePage.departure_city(POsHomePage.java:159)&#13;
step.library.SLsHomePage.departure_city(SLsHomePage.java:76)&#13;
step.definitions.SDsHomePage.select_the_departure_city_as(SDsHomePage.java:87)&#13;
✽.Select the Departure city as Paris(src/test/resources/FeatureFiles/Blaze_application.feature:30)&#13;
</system-err></testcase><testcase name="Validate the Confirmation Page Details"><failure message="expected:&lt;[Paris]&gt; but was:&lt;[            Paris&#10;            Philadelphia&#10;            Boston&#10;            Portland&#10;            San Diego&#10;            Mexico City&#10;            São Paolo&#10;        ]&gt;" type="java.lang.AssertionError">expected:&lt;[Paris]&gt; but was:&lt;[            Paris
            Philadelphia
            Boston
            Portland
            San Diego
            Mexico City
            São Paolo
        ]&gt;</failure><system-err>expected:&lt;[Paris]&gt; but was:&lt;[            Paris
            Philadelphia
            Boston
            Portland
            San Diego
            Mexico City
            São Paolo
        ]&gt;&#13;
page.objects.POsHomePage.departure_city(POsHomePage.java:159)&#13;
step.library.SLsHomePage.departure_city(SLsHomePage.java:76)&#13;
step.definitions.SDsHomePage.select_the_departure_city_as(SDsHomePage.java:87)&#13;
✽.Select the Departure city as Paris(src/test/resources/FeatureFiles/Blaze_application.feature:44)&#13;
</system-err></testcase></testsuite>